dh_gencontrol
dh_builddeb
dh_fixperms
dh_gencontrol
dh_builddeb
dh_fixperms
dh_gencontrol
dh_builddeb
dh_fixperms
dh_gencontrol
dh_builddeb
dh_fixperms
dh_gencontrol
dh_builddeb
dh_fixperms
dh_gencontrol
dh_builddeb
dh_fixperms
dh_gencontrol
dh_builddeb
dh_fixperms
dh_gencontrol
dh_builddeb
dh_fixperms
dh_gencontrol
dh_builddeb
dh_fixperms
dh_gencontrol
dh_builddeb
dh_fixperms
dh_gencontrol
dh_installchangelogs
dh_builddeb
dh_fixperms
dh_gencontrol
dh_installchangelogs
dh_installdocs
dh_builddeb
